[   174.711] (--) Log file renamed from "/home/jonets5/.local/share/xorg/Xorg.pid-1941.log" to "/home/jonets5/.local/share/xorg/Xorg.0.log"
[   174.714] 
X.Org X Server 1.20.8
X Protocol Version 11, Revision 0
[   174.716] Build Operating System: Linux 4.4.0-177-generic x86_64 Ubuntu
[   174.717] Current Operating System: Linux ubuntu 5.4.0-40-generic #44-Ubuntu SMP Tue Jun 23 00:01:04 UTC 2020 x86_64
[   174.717] Kernel command line: BOOT_IMAGE=/boot/vmlinuz-5.4.0-40-generic root=UUID=da0e0537-367e-44aa-8160-b33ec518fc0c ro find_preseed=/preseed.cfg auto noprompt priority=critical locale=en_US quiet
[   174.718] Build Date: 06 April 2020  09:39:29AM
[   174.723] xorg-server 2:1.20.8-2ubuntu2 (For technical support please see http://www.ubuntu.com/support) 
[   174.723] Current version of pixman: 0.38.4
[   174.730] 	Before reporting problems, check http://wiki.x.org
	to make sure that you have the latest version.
[   174.730] Markers: (--) probed, (**) from config file, (==) default setting,
	(++) from command line, (!!) notice, (II) informational,
	(WW) warning, (EE) error, (NI) not implemented, (??) unknown.
[   174.734] (==) Log file: "/home/jonets5/.local/share/xorg/Xorg.0.log", Time: Sat Jul 18 08:12:59 2020
[   174.736] (==) Using system config directory "/usr/share/X11/xorg.conf.d"
[   174.750] (==) No Layout section.  Using the first Screen section.
[   174.750] (==) No screen section available. Using defaults.
[   174.750] (**) |-->Screen "Default Screen Section" (0)
[   174.750] (**) |   |-->Monitor "<default monitor>"
[   174.757] (==) No monitor specified for screen "Default Screen Section".
	Using a default monitor configuration.
[   174.757] (==) Automatically adding devices
[   174.757] (==) Automatically enabling devices
[   174.758] (==) Automatically adding GPU devices
[   174.758] (==) Automatically binding GPU devices
[   174.758] (==) Max clients allowed: 256, resource mask: 0x1fffff
[   174.758] (WW) The directory "/usr/share/fonts/X11/cyrillic" does not exist.
[   174.758] 	Entry deleted from font path.
[   174.758] (WW) The directory "/usr/share/fonts/X11/100dpi/" does not exist.
[   174.758] 	Entry deleted from font path.
[   174.758] (WW) The directory "/usr/share/fonts/X11/75dpi/" does not exist.
[   174.758] 	Entry deleted from font path.
[   174.758] (WW) The directory "/usr/share/fonts/X11/100dpi" does not exist.
[   174.758] 	Entry deleted from font path.
[   174.758] (WW) The directory "/usr/share/fonts/X11/75dpi" does not exist.
[   174.758] 	Entry deleted from font path.
[   174.758] (==) FontPath set to:
	/usr/share/fonts/X11/misc,
	/usr/share/fonts/X11/Type1,
	built-ins
[   174.758] (==) ModulePath set to "/usr/lib/xorg/modules"
[   174.758] (II) The server relies on udev to provide the list of input devices.
	If no devices become available, reconfigure udev or disable AutoAddDevices.
[   174.758] (II) Loader magic: 0x55cfee85d020
[   174.758] (II) Module ABI versions:
[   174.758] 	X.Org ANSI C Emulation: 0.4
[   174.758] 	X.Org Video Driver: 24.1
[   174.758] 	X.Org XInput driver : 24.1
[   174.758] 	X.Org Server Extension : 10.0
[   174.760] (++) using VT number 2

[   174.764] (II) systemd-logind: took control of session /org/freedesktop/login1/session/_32
[   174.766] (II) xfree86: Adding drm device (/dev/dri/card0)
[   174.769] (II) systemd-logind: got fd for /dev/dri/card0 226:0 fd 12 paused 0
[   174.790] (--) PCI:*(0@0:15:0) 15ad:0405:15ad:0405 rev 0, Mem @ 0xe8000000/134217728, 0xfe000000/8388608, I/O @ 0x00001070/16, BIOS @ 0x????????/131072
[   174.793] (II) LoadModule: "glx"
[   174.794] (II) Loading /usr/lib/xorg/modules/extensions/libglx.so
[   174.798] (II) Module glx: vendor="X.Org Foundation"
[   174.798] 	compiled for 1.20.8, module version = 1.0.0
[   174.798] 	ABI class: X.Org Server Extension, version 10.0
[   174.798] (==) Matched vmware as autoconfigured driver 0
[   174.798] (==) Matched modesetting as autoconfigured driver 1
[   174.798] (==) Matched fbdev as autoconfigured driver 2
[   174.798] (==) Matched vesa as autoconfigured driver 3
[   174.798] (==) Assigned the driver to the xf86ConfigLayout
[   174.798] (II) LoadModule: "vmware"
[   174.798] (II) Loading /usr/lib/xorg/modules/drivers/vmware_drv.so
[   174.884] (II) Module vmware: vendor="X.Org Foundation"
[   174.884] 	compiled for 1.20.8, module version = 13.3.0
[   174.884] 	Module class: X.Org Video Driver
[   174.884] 	ABI class: X.Org Video Driver, version 24.1
[   174.884] (II) LoadModule: "modesetting"
[   174.884] (II) Loading /usr/lib/xorg/modules/drivers/modesetting_drv.so
[   174.886] (II) Module modesetting: vendor="X.Org Foundation"
[   174.886] 	compiled for 1.20.8, module version = 1.20.8
[   174.886] 	Module class: X.Org Video Driver
[   174.886] 	ABI class: X.Org Video Driver, version 24.1
[   174.886] (II) LoadModule: "fbdev"
[   174.886] (II) Loading /usr/lib/xorg/modules/drivers/fbdev_drv.so
[   174.887] (II) Module fbdev: vendor="X.Org Foundation"
[   174.887] 	compiled for 1.20.1, module version = 0.5.0
[   174.887] 	Module class: X.Org Video Driver
[   174.887] 	ABI class: X.Org Video Driver, version 24.0
[   174.887] (II) LoadModule: "vesa"
[   174.887] (II) Loading /usr/lib/xorg/modules/drivers/vesa_drv.so
[   174.888] (II) Module vesa: vendor="X.Org Foundation"
[   174.888] 	compiled for 1.20.4, module version = 2.4.0
[   174.888] 	Module class: X.Org Video Driver
[   174.888] 	ABI class: X.Org Video Driver, version 24.0
[   174.888] (II) vmware: driver for VMware SVGA: vmware0405, vmware0710
[   174.888] (II) modesetting: Driver for Modesetting Kernel Drivers: kms
[   174.888] (II) FBDEV: driver for framebuffer: fbdev
[   174.888] (II) VESA: driver for VESA chipsets: vesa
[   174.888] xf86EnableIOPorts: failed to set IOPL for I/O (Operation not permitted)
[   174.888] (WW) Falling back to old probe method for modesetting
[   174.889] (WW) Falling back to old probe method for fbdev
[   174.889] (II) Loading sub module "fbdevhw"
[   174.889] (II) LoadModule: "fbdevhw"
[   174.889] (II) Loading /usr/lib/xorg/modules/libfbdevhw.so
[   174.890] (II) Module fbdevhw: vendor="X.Org Foundation"
[   174.890] 	compiled for 1.20.8, module version = 0.0.2
[   174.890] 	ABI class: X.Org Video Driver, version 24.1
[   174.890] (EE) open /dev/fb0: Permission denied
[   174.890] (WW) VGA arbiter: cannot open kernel arbiter, no multi-card support
[   174.890] (II) vmware(0): Creating default Display subsection in Screen section
	"Default Screen Section" for depth/fbbpp 24/32
[   174.890] (--) vmware(0): DRM driver version is 2.15.0
[   174.890] (==) vmware(0): Depth 24, (--) framebuffer bpp 32
[   174.890] (==) vmware(0): RGB weight 888
[   174.890] (==) vmware(0): Default visual is TrueColor
[   174.890] (--) vmware(0): Min width 1, Max Width 16384.
[   174.890] (--) vmware(0): Min height 1, Max Height 16384.
[   174.890] (II) vmware(0): Output Virtual1 has no monitor section
[   174.890] (II) vmware(0): Output Virtual2 has no monitor section
[   174.890] (II) vmware(0): Output Virtual3 has no monitor section
[   174.890] (II) vmware(0): Output Virtual4 has no monitor section
[   174.890] (II) vmware(0): Output Virtual5 has no monitor section
[   174.890] (II) vmware(0): Output Virtual6 has no monitor section
[   174.890] (II) vmware(0): Output Virtual7 has no monitor section
[   174.890] (II) vmware(0): Output Virtual8 has no monitor section
[   174.890] (II) vmware(0): Printing probed modes for output Virtual1
[   174.891] (II) vmware(0): Modeline "1918x968"x60.0  138.72  1918 1968 2018 2068  968 1018 1068 1118 -hsync +vsync (67.1 kHz eP)
[   174.891] (II) vmware(0): Modeline "2560x1600"x60.0  348.50  2560 2752 3032 3504  1600 1603 1609 1658 -hsync +vsync (99.5 kHz e)
[   174.891] (II) vmware(0): Modeline "1920x1440"x60.0  234.00  1920 2048 2256 2600  1440 1441 1444 1500 -hsync +vsync (90.0 kHz e)
[   174.891] (II) vmware(0): Modeline "1856x1392"x60.0  218.25  1856 1952 2176 2528  1392 1393 1396 1439 -hsync +vsync (86.3 kHz e)
[   174.891] (II) vmware(0): Modeline "1792x1344"x60.0  204.75  1792 1920 2120 2448  1344 1345 1348 1394 -hsync +vsync (83.6 kHz e)
[   174.891] (II) vmware(0): Modeline "1920x1200"x59.9  193.25  1920 2056 2256 2592  1200 1203 1209 1245 -hsync +vsync (74.6 kHz e)
[   174.891] (II) vmware(0): Modeline "1600x1200"x60.0  162.00  1600 1664 1856 2160  1200 1201 1204 1250 +hsync +vsync (75.0 kHz e)
[   174.891] (II) vmware(0): Modeline "1680x1050"x60.0  146.25  1680 1784 1960 2240  1050 1053 1059 1089 -hsync +vsync (65.3 kHz e)
[   174.891] (II) vmware(0): Modeline "1400x1050"x60.0  121.75  1400 1488 1632 1864  1050 1053 1057 1089 -hsync +vsync (65.3 kHz e)
[   174.891] (II) vmware(0): Modeline "1280x1024"x60.0  108.00  1280 1328 1440 1688  1024 1025 1028 1066 +hsync +vsync (64.0 kHz e)
[   174.891] (II) vmware(0): Modeline "1440x900"x59.9  106.50  1440 1520 1672 1904  900 903 909 934 -hsync +vsync (55.9 kHz e)
[   174.891] (II) vmware(0): Modeline "1280x960"x60.0  108.00  1280 1376 1488 1800  960 961 964 1000 +hsync +vsync (60.0 kHz e)
[   174.891] (II) vmware(0): Modeline "1360x768"x60.0   85.50  1360 1424 1536 1792  768 771 777 795 +hsync +vsync (47.7 kHz e)
[   174.891] (II) vmware(0): Modeline "1280x800"x59.8   83.50  1280 1352 1480 1680  800 803 809 831 +hsync -vsync (49.7 kHz e)
[   174.891] (II) vmware(0): Modeline "1152x864"x75.0  108.00  1152 1216 1344 1600  864 865 868 900 +hsync +vsync (67.5 kHz e)
[   174.891] (II) vmware(0): Modeline "1280x768"x59.9   79.50  1280 1344 1472 1664  768 771 778 798 -hsync +vsync (47.8 kHz e)
[   174.891] (II) vmware(0): Modeline "1024x768"x60.0   65.00  1024 1048 1184 1344  768 771 777 806 -hsync -vsync (48.4 kHz e)
[   174.891] (II) vmware(0): Modeline "800x600"x60.3   40.00  800 840 968 1056  600 601 605 628 +hsync +vsync (37.9 kHz e)
[   174.891] (II) vmware(0): Modeline "640x480"x59.9   25.18  640 656 752 800  480 489 492 525 -hsync -vsync (31.5 kHz e)
[   174.891] (II) vmware(0): EDID for output Virtual2
[   174.891] (II) vmware(0): EDID for output Virtual3
[   174.891] (II) vmware(0): EDID for output Virtual4
[   174.891] (II) vmware(0): EDID for output Virtual5
[   174.891] (II) vmware(0): EDID for output Virtual6
[   174.891] (II) vmware(0): EDID for output Virtual7
[   174.891] (II) vmware(0): EDID for output Virtual8
[   174.891] (II) vmware(0): Output Virtual1 connected
[   174.891] (II) vmware(0): Output Virtual2 disconnected
[   174.891] (II) vmware(0): Output Virtual3 disconnected
[   174.891] (II) vmware(0): Output Virtual4 disconnected
[   174.891] (II) vmware(0): Output Virtual5 disconnected
[   174.891] (II) vmware(0): Output Virtual6 disconnected
[   174.891] (II) vmware(0): Output Virtual7 disconnected
[   174.891] (II) vmware(0): Output Virtual8 disconnected
[   174.891] (II) vmware(0): Using exact sizes for initial modes
[   174.891] (II) vmware(0): Output Virtual1 using initial mode 1918x968 +0+0
[   174.891] (==) vmware(0): DPI set to (96, 96)
[   174.891] (==) vmware(0): Using gamma correction (1.0, 1.0, 1.0)
[   174.891] (II) Loading sub module "fb"
[   174.891] (II) LoadModule: "fb"
[   174.891] (II) Loading /usr/lib/xorg/modules/libfb.so
[   174.901] (II) Module fb: vendor="X.Org Foundation"
[   174.901] 	compiled for 1.20.8, module version = 1.0.0
[   174.901] 	ABI class: X.Org ANSI C Emulation, version 0.4
[   174.901] (II) Loading sub module "dri2"
[   174.901] (II) LoadModule: "dri2"
[   174.901] (II) Module "dri2" already built-in
[   174.901] (II) Loading sub module "dri3"
[   174.901] (II) LoadModule: "dri3"
[   174.901] (II) Module "dri3" already built-in
[   174.901] (II) UnloadModule: "modesetting"
[   174.901] (II) Unloading modesetting
[   174.901] (II) UnloadModule: "fbdev"
[   174.901] (II) Unloading fbdev
[   174.901] (II) UnloadSubModule: "fbdevhw"
[   174.901] (II) Unloading fbdevhw
[   174.901] (II) UnloadModule: "vesa"
[   174.901] (II) Unloading vesa
[   174.904] (II) vmware(0): Initialized VMWARE_CTRL extension version 0.2
[   175.059] (II) vmware(0): Gallium3D XA version: 2.5.0.
[   175.059] (II) vmware(0): Path of drm device is "/dev/dri/card0".
[   175.059] (II) vmware(0): [DRI2] Setup complete
[   175.059] (II) vmware(0): [DRI2]   DRI driver: vmwgfx
[   175.274] (--) vmware(0): Render acceleration is enabled.
[   175.275] (==) vmware(0): Rendercheck mode is disabled.
[   175.275] (--) vmware(0): Direct rendering (DRI2 3D) is enabled.
[   175.275] (--) vmware(0): Direct rendering (DRI3 3D) is enabled.
[   175.275] (==) vmware(0): Direct presents are disabled.
[   175.275] (==) vmware(0): Hardware only presents are automatic per scanout.
[   175.275] (==) vmware(0): Backing store enabled
[   175.275] (==) vmware(0): Silken mouse enabled
[   175.292] (==) vmware(0): DPMS enabled
[   175.294] (II) Initializing extension Generic Event Extension
[   175.294] (II) Initializing extension SHAPE
[   175.294] (II) Initializing extension MIT-SHM
[   175.296] (II) Initializing extension XInputExtension
[   175.299] (II) Initializing extension XTEST
[   175.300] (II) Initializing extension BIG-REQUESTS
[   175.300] (II) Initializing extension SYNC
[   175.301] (II) Initializing extension XKEYBOARD
[   175.301] (II) Initializing extension XC-MISC
[   175.303] (II) Initializing extension SECURITY
[   175.303] (II) Initializing extension XFIXES
[   175.303] (II) Initializing extension RENDER
[   175.304] (II) Initializing extension RANDR
[   175.304] (II) Initializing extension COMPOSITE
[   175.305] (II) Initializing extension DAMAGE
[   175.305] (II) Initializing extension MIT-SCREEN-SAVER
[   175.306] (II) Initializing extension DOUBLE-BUFFER
[   175.306] (II) Initializing extension RECORD
[   175.307] (II) Initializing extension DPMS
[   175.308] (II) Initializing extension Present
[   175.308] (II) Initializing extension DRI3
[   175.308] (II) Initializing extension X-Resource
[   175.309] (II) Initializing extension XVideo
[   175.309] (II) Initializing extension XVideo-MotionCompensation
[   175.309] (II) Initializing extension SELinux
[   175.310] (II) SELinux: Disabled on system
[   175.310] (II) Initializing extension GLX
[   175.358] (II) AIGLX: Loaded and initialized vmwgfx
[   175.360] (II) GLX: Initialized DRI2 GL provider for screen 0
[   175.360] (II) Initializing extension XFree86-VidModeExtension
[   175.360] (II) Initializing extension XFree86-DGA
[   175.361] (II) Initializing extension XFree86-DRI
[   175.361] (II) Initializing extension DRI2
[   175.425] (II) vmware(0): Setting screen physical size to 507 x 256
[   175.575] (II) config/udev: Adding input device Power Button (/dev/input/event0)
[   175.575] (**) Power Button: Applying InputClass "libinput keyboard catchall"
[   175.577] (II) LoadModule: "libinput"
[   175.578] (II) Loading /usr/lib/xorg/modules/input/libinput_drv.so
[   175.586] (II) Module libinput: vendor="X.Org Foundation"
[   175.586] 	compiled for 1.20.4, module version = 0.29.0
[   175.586] 	Module class: X.Org XInput Driver
[   175.586] 	ABI class: X.Org XInput driver, version 24.1
[   175.586] (II) Using input driver 'libinput' for 'Power Button'
[   175.588] (II) systemd-logind: got fd for /dev/input/event0 13:64 fd 24 paused 0
[   175.588] (**) Power Button: always reports core events
[   175.588] (**) Option "Device" "/dev/input/event0"
[   175.588] (**) Option "_source" "server/udev"
[   175.593] (II) event0  - Power Button: is tagged by udev as: Keyboard
[   175.593] (II) event0  - Power Button: device is a keyboard
[   175.593] (II) event0  - Power Button: device removed
[   175.593] (**) Option "config_info" "udev:/sys/devices/LNXSYSTM:00/LNXPWRBN:00/input/input0/event0"
[   175.593] (II) XINPUT: Adding extended input device "Power Button" (type: KEYBOARD, id 6)
[   175.593] (**) Option "xkb_model" "SKIP"
[   175.593] (**) Option "xkb_layout" "us"
[   175.653] (II) event0  - Power Button: is tagged by udev as: Keyboard
[   175.653] (II) event0  - Power Button: device is a keyboard
[   175.655] (II) config/udev: Adding input device VMware VMware Virtual USB Mouse (/dev/input/event4)
[   175.655] (**) VMware VMware Virtual USB Mouse: Applying InputClass "libinput pointer catchall"
[   175.655] (II) Using input driver 'libinput' for 'VMware VMware Virtual USB Mouse'
[   175.719] (II) systemd-logind: got fd for /dev/input/event4 13:68 fd 27 paused 0
[   175.719] (**) VMware VMware Virtual USB Mouse: always reports core events
[   175.719] (**) Option "Device" "/dev/input/event4"
[   175.719] (**) Option "_source" "server/udev"
[   175.722] (II) event4  - VMware VMware Virtual USB Mouse: is tagged by udev as: Mouse
[   175.723] (II) event4  - VMware VMware Virtual USB Mouse: device is a pointer
[   175.723] (II) event4  - VMware VMware Virtual USB Mouse: device removed
[   175.723] (**) Option "config_info" "udev:/sys/devices/pci0000:00/0000:00:11.0/0000:02:00.0/usb2/2-1/2-1:1.0/0003:0E0F:0003.0001/input/input5/event4"
[   175.723] (II) XINPUT: Adding extended input device "VMware VMware Virtual USB Mouse" (type: MOUSE, id 7)
[   175.723] (**) Option "AccelerationScheme" "none"
[   175.723] (**) VMware VMware Virtual USB Mouse: (accel) selected scheme none/0
[   175.723] (**) VMware VMware Virtual USB Mouse: (accel) acceleration factor: 2.000
[   175.723] (**) VMware VMware Virtual USB Mouse: (accel) acceleration threshold: 4
[   175.733] (II) event4  - VMware VMware Virtual USB Mouse: is tagged by udev as: Mouse
[   175.735] (II) event4  - VMware VMware Virtual USB Mouse: device is a pointer
[   175.740] (II) config/udev: Adding input device VMware VMware Virtual USB Mouse (/dev/input/mouse2)
[   175.740] (II) No input driver specified, ignoring this device.
[   175.740] (II) This device may have been added with another device file.
[   175.743] (II) config/udev: Adding input device AT Translated Set 2 keyboard (/dev/input/event1)
[   175.743] (**) AT Translated Set 2 keyboard: Applying InputClass "libinput keyboard catchall"
[   175.743] (II) Using input driver 'libinput' for 'AT Translated Set 2 keyboard'
[   175.744] (II) systemd-logind: got fd for /dev/input/event1 13:65 fd 28 paused 0
[   175.745] (**) AT Translated Set 2 keyboard: always reports core events
[   175.745] (**) Option "Device" "/dev/input/event1"
[   175.745] (**) Option "_source" "server/udev"
[   175.746] (II) event1  - AT Translated Set 2 keyboard: is tagged by udev as: Keyboard
[   175.748] (II) event1  - AT Translated Set 2 keyboard: device is a keyboard
[   175.750] (II) event1  - AT Translated Set 2 keyboard: device removed
[   175.750] (**) Option "config_info" "udev:/sys/devices/platform/i8042/serio0/input/input1/event1"
[   175.750] (II) XINPUT: Adding extended input device "AT Translated Set 2 keyboard" (type: KEYBOARD, id 8)
[   175.750] (**) Option "xkb_model" "SKIP"
[   175.750] (**) Option "xkb_layout" "us"
[   175.759] (II) event1  - AT Translated Set 2 keyboard: is tagged by udev as: Keyboard
[   175.759] (II) event1  - AT Translated Set 2 keyboard: device is a keyboard
[   175.760] (II) config/udev: Adding input device VirtualPS/2 VMware VMMouse (/dev/input/event3)
[   175.760] (**) VirtualPS/2 VMware VMMouse: Applying InputClass "libinput pointer catchall"
[   175.760] (II) Using input driver 'libinput' for 'VirtualPS/2 VMware VMMouse'
[   175.763] (II) systemd-logind: got fd for /dev/input/event3 13:67 fd 29 paused 0
[   175.763] (**) VirtualPS/2 VMware VMMouse: always reports core events
[   175.763] (**) Option "Device" "/dev/input/event3"
[   175.763] (**) Option "_source" "server/udev"
[   175.766] (II) event3  - VirtualPS/2 VMware VMMouse: is tagged by udev as: Mouse
[   175.767] (II) event3  - VirtualPS/2 VMware VMMouse: device is a pointer
[   175.767] (II) event3  - VirtualPS/2 VMware VMMouse: device removed
[   175.769] (**) Option "config_info" "udev:/sys/devices/platform/i8042/serio1/input/input3/event3"
[   175.769] (II) XINPUT: Adding extended input device "VirtualPS/2 VMware VMMouse" (type: MOUSE, id 9)
[   175.769] (**) Option "AccelerationScheme" "none"
[   175.769] (**) VirtualPS/2 VMware VMMouse: (accel) selected scheme none/0
[   175.769] (**) VirtualPS/2 VMware VMMouse: (accel) acceleration factor: 2.000
[   175.769] (**) VirtualPS/2 VMware VMMouse: (accel) acceleration threshold: 4
[   175.771] (II) event3  - VirtualPS/2 VMware VMMouse: is tagged by udev as: Mouse
[   175.771] (II) event3  - VirtualPS/2 VMware VMMouse: device is a pointer
[   175.773] (II) config/udev: Adding input device VirtualPS/2 VMware VMMouse (/dev/input/mouse1)
[   175.773] (II) No input driver specified, ignoring this device.
[   175.773] (II) This device may have been added with another device file.
[   175.775] (II) config/udev: Adding input device VirtualPS/2 VMware VMMouse (/dev/input/event2)
[   175.775] (**) VirtualPS/2 VMware VMMouse: Applying InputClass "libinput pointer catchall"
[   175.775] (II) Using input driver 'libinput' for 'VirtualPS/2 VMware VMMouse'
[   175.779] (II) systemd-logind: got fd for /dev/input/event2 13:66 fd 30 paused 0
[   175.779] (**) VirtualPS/2 VMware VMMouse: always reports core events
[   175.779] (**) Option "Device" "/dev/input/event2"
[   175.779] (**) Option "_source" "server/udev"
[   175.783] (II) event2  - VirtualPS/2 VMware VMMouse: is tagged by udev as: Mouse
[   175.785] (II) event2  - VirtualPS/2 VMware VMMouse: device is a pointer
[   175.787] (II) event2  - VirtualPS/2 VMware VMMouse: device removed
[   175.787] (**) Option "config_info" "udev:/sys/devices/platform/i8042/serio1/input/input4/event2"
[   175.788] (II) XINPUT: Adding extended input device "VirtualPS/2 VMware VMMouse" (type: MOUSE, id 10)
[   175.788] (**) Option "AccelerationScheme" "none"
[   175.789] (**) VirtualPS/2 VMware VMMouse: (accel) selected scheme none/0
[   175.789] (**) VirtualPS/2 VMware VMMouse: (accel) acceleration factor: 2.000
[   175.789] (**) VirtualPS/2 VMware VMMouse: (accel) acceleration threshold: 4
[   175.792] (II) event2  - VirtualPS/2 VMware VMMouse: is tagged by udev as: Mouse
[   175.792] (II) event2  - VirtualPS/2 VMware VMMouse: device is a pointer
[   175.794] (II) config/udev: Adding input device VirtualPS/2 VMware VMMouse (/dev/input/mouse0)
[   175.794] (II) No input driver specified, ignoring this device.
[   175.794] (II) This device may have been added with another device file.
[ 11267.978] (!!) vmware(0): New layout.
[ 11267.978] (!!) vmware(0): 0: 0 0 1918 941
[ 11267.978] (!!) vmware(0): 
[ 14488.855] (!!) vmware(0): New layout.
[ 14488.855] (!!) vmware(0): 0: 0 0 1022 1111
[ 14488.855] (!!) vmware(0): 
[ 14491.021] (!!) vmware(0): New layout.
[ 14491.046] (!!) vmware(0): 0: 0 0 1022 1168
[ 14491.048] (!!) vmware(0): 
[ 14583.090] (!!) vmware(0): New layout.
[ 14583.090] (!!) vmware(0): 0: 0 0 1918 968
[ 14583.090] (!!) vmware(0): 
